#
# A fatal error has been detected by the Java Runtime Environment:
#
#  SIGSEGV (0xb) at pc=0x00000001023f1c91, pid=50391, tid=271
#
# JRE version: Java(TM) SE Runtime Environment (7.0_60-b19) (build 1.7.0_60-b19)
# Java VM: Java HotSpot(TM) 64-Bit Server VM (24.60-b09 mixed mode bsd-amd64 compressed oops)
# Problematic frame:
# V  [libjvm.dylib+0x1f1c91]  oopDesc::size()+0x8d
#
# Failed to write core dump. Core dumps have been disabled. To enable core dumping, try "ulimit -c unlimited" before starting Java again
#
# If you would like to submit a bug report, please visit:
#   http://bugreport.sun.com/bugreport/crash.jsp
#

---------------  T H R E A D  ---------------

Current thread (0x00007fb96980e800):  GCTaskThread [stack: 0x000000010b2fd000,0x000000010b3fd000] [id=271]

siginfo:si_signo=SIGSEGV: si_errno=0, si_code=1 (SEGV_MAPERR), si_addr=0x00000000f8de93c8

Registers:
RAX=0x00000000f8de9320, RBX=0x00007fb968501b30, RCX=0x0000000000f7c203, RDX=0x0000000007be1401
RSP=0x000000010b3fcc20, RBP=0x000000010b3fcc20, RSI=0x00000007ede8a0d0, RDI=0x00000007ede8a0f0
R8 =0x00000000000007be, R9 =0x000000000000e63e, R10=0x2080208224802082, R11=0x0400000000000000
R12=0x00000007ede8dfe0, R13=0x00000007ede8dfe4, R14=0x00000007ede8a0d0, R15=0x00000007b05a75c0
RIP=0x00000001023f1c91, EFLAGS=0x0000000000010202, ERR=0x0000000000000004
  TRAPNO=0x000000000000000e

Top of Stack: (sp=0x000000010b3fcc20)
0x000000010b3fcc20:   000000010b3fcc50 00000001023c5374
0x000000010b3fcc30:   000000010b3fcca0 00007fb968501b30
0x000000010b3fcc40:   00000007b05a75c0 00000007b05a75c0
0x000000010b3fcc50:   000000010b3fcca0 00000001024a4915
0x000000010b3fcc60:   00007fb968501b30 00000007ede8dfd0
0x000000010b3fcc70:   00000007b05a75c8 00007fb968501b30
0x000000010b3fcc80:   00000007ede8dfd0 000000010277a48d
0x000000010b3fcc90:   00007fb968501b38 0000000102979830
0x000000010b3fcca0:   000000010b3fcd20 000000010264fdf0
0x000000010b3fccb0:   00007fb968501b70 00007fb968501bb8
0x000000010b3fccc0:   00007fb968501bf0 0000000000000000
0x000000010b3fccd0:   000000010b3fcd00 00007fb96920e000
0x000000010b3fcce0:   000000010b3fcd01 00007fb968705f01
0x000000010b3fccf0:   00007fb96980e800 00007fb968501b30
0x000000010b3fcd00:   0000000000000000 000000010277a48d
0x000000010b3fcd10:   00007fb9684109a0 0000000000000001
0x000000010b3fcd20:   000000010b3fcdb0 00000001026433aa
0x000000010b3fcd30:   00007fb968705f28 00000001029f9f30
0x000000010b3fcd40:   000000010b3fcd00 000000010b3fcd58
0x000000010b3fcd50:   00007fb968705f01 00000001029ffde0
0x000000010b3fcd60:   0004980000049800 0000000000000000
0x000000010b3fcd70:   00007fb968501b30 00007fb968609870
0x000000010b3fcd80:   00007fb9686098a0 00007fb9686098b0
0x000000010b3fcd90:   00007fb968609c88 00000000000003d8
0x000000010b3fcda0:   00007fb96980e800 00007fb9684109a0
0x000000010b3fcdb0:   000000010b3fce90 000000010246d2d7
0x000000010b3fcdc0:   000000010b3fcdf0 00007fb968609870
0x000000010b3fcdd0:   00007fb9686098a0 00007fb9686098b0
0x000000010b3fcde0:   00007fb968609c88 00000000000003d8
0x000000010b3fcdf0:   00007fb96980e800 00007fb968609c90
0x000000010b3fce00:   00007fb968609cc0 00007fb968609cd0
0x000000010b3fce10:   00007fb96860a0a8 00000000000003d8 

Instructions: (pc=0x00000001023f1c91)
0x00000001023f1c71:   00 48 01 c1 48 ba ff ff ff ff 07 00 00 00 48 01
0x00000001023f1c81:   ca 48 f7 d8 48 21 d0 48 c1 e8 03 5d c3 48 8b 07
0x00000001023f1c91:   48 8b 80 a8 00 00 00 5d ff e0 90 55 48 89 e5 48
0x00000001023f1ca1:   8d 05 79 a5 61 00 80 38 00 74 15 48 8d 05 7d 7b 

Register to memory mapping:

RAX=0x00000000f8de9320 is an unknown value
RBX=0x00007fb968501b30 is an unknown value
RCX=0x0000000000f7c203 is an unknown value
RDX=0x0000000007be1401 is an unknown value
RSP=0x000000010b3fcc20 is an unknown value
RBP=0x000000010b3fcc20 is an unknown value
RSI=0x00000007ede8a0d0 is an unknown value
RDI=0x00000007ede8a0f0 is an unknown value
R8 =0x00000000000007be is an unknown value
R9 =0x000000000000e63e is an unknown value
R10=0x2080208224802082 is an unknown value
R11=0x0400000000000000 is an unknown value
R12=0x00000007ede8dfe0 is an unknown value
R13=0x00000007ede8dfe4 is an unknown value
R14=0x00000007ede8a0d0 is an unknown value
R15=0x00000007b05a75c0 is pointing into object: 0x00000007b05a5ab0
{instance class} 
 - klass: {other class}


Stack: [0x000000010b2fd000,0x000000010b3fd000],  sp=0x000000010b3fcc20,  free space=1023k
Native frames: (J=compiled Java code, j=interpreted, Vv=VM code, C=native code)
V  [libjvm.dylib+0x1f1c91]  oopDesc::size()+0x8d
V  [libjvm.dylib+0x1c5374]  void PSParallelCompact::mark_and_push<unsigned int>(ParCompactionManager*, unsigned int*)+0x6a
V  [libjvm.dylib+0x2a4915]  instanceKlass::oop_follow_contents(ParCompactionManager*, oopDesc*)+0xff
V  [libjvm.dylib+0x44fdf0]  ParCompactionManager::follow_marking_stacks()+0xba
V  [libjvm.dylib+0x4433aa]  ThreadRootsMarkingTask::do_it(GCTaskManager*, unsigned int)+0xce
V  [libjvm.dylib+0x26d2d7]  GCTaskThread::run()+0x1a1
V  [libjvm.dylib+0x420b4e]  java_start(Thread*)+0x126
C  [libsystem_pthread.dylib+0x1899]  _pthread_body+0x8a
C  [libsystem_pthread.dylib+0x172a]  _pthread_struct_init+0x0
C  [libsystem_pthread.dylib+0x5fc9]  thread_start+0xd


---------------  P R O C E S S  ---------------

Java Threads: ( => current thread )
  0x00007fb96920e000 JavaThread "pool-4-thread-1" [_thread_blocked, id=13063, stack(0x000000010f786000,0x000000010f886000)]
  0x00007fb96a043800 JavaThread "Service Thread" daemon [_thread_blocked, id=20227, stack(0x000000010fda1000,0x000000010fea1000)]
  0x00007fb96a042800 JavaThread "C2 CompilerThread1" daemon [_thread_blocked, id=19715, stack(0x000000010fc9e000,0x000000010fd9e000)]
  0x00007fb96a041000 JavaThread "C2 CompilerThread0" daemon [_thread_blocked, id=19203, stack(0x000000010fb9b000,0x000000010fc9b000)]
  0x00007fb968842000 JavaThread "JDWP Event Helper Thread" daemon [_thread_blocked, id=18691, stack(0x000000010fa98000,0x000000010fb98000)]
  0x00007fb96a040800 JavaThread "JDWP Transport Listener: dt_socket" daemon [_thread_in_native, id=18179, stack(0x000000010f995000,0x000000010fa95000)]
  0x00007fb968841000 JavaThread "Signal Dispatcher" daemon [_thread_blocked, id=17667, stack(0x000000010f88c000,0x000000010f98c000)]
  0x00007fb96a01e000 JavaThread "Finalizer" daemon [_thread_blocked, id=12547, stack(0x000000010f63d000,0x000000010f73d000)]
  0x00007fb96900f000 JavaThread "Reference Handler" daemon [_thread_blocked, id=12035, stack(0x000000010f53a000,0x000000010f63a000)]
  0x00007fb969802800 JavaThread "main" [_thread_blocked, id=3335, stack(0x00000001018b1000,0x00000001019b1000)]

Other Threads:
  0x00007fb96900c800 VMThread [stack: 0x000000010f437000,0x000000010f537000] [id=11523]
  0x00007fb96a026800 WatcherThread [stack: 0x000000010fea4000,0x000000010ffa4000] [id=20739]

=>0x00007fb96980e800 (exited) GCTaskThread [stack: 0x000000010b2fd000,0x000000010b3fd000] [id=271]

VM state:at safepoint (normal execution)

VM Mutex/Monitor currently owned by a thread:  ([mutex/lock_event])
[0x00007fb968703600] Threads_lock - owner thread: 0x00007fb96900c800
[0x00007fb968703b00] Heap_lock - owner thread: 0x00007fb96920e000

Heap
 PSYoungGen      total 225792K, used 168448K [0x00000007eaa80000, 0x0000000800000000, 0x0000000800000000)
  eden space 168448K, 100% used [0x00000007eaa80000,0x00000007f4f00000,0x00000007f4f00000)
  from space 57344K, 0% used [0x00000007fc800000,0x00000007fc800000,0x0000000800000000)
  to   space 90624K, 0% used [0x00000007f4f00000,0x00000007f4f00000,0x00000007fa780000)
 ParOldGen       total 699392K, used 699381K [0x00000007bff80000, 0x00000007eaa80000, 0x00000007eaa80000)
  object space 699392K, 99% used [0x00000007bff80000,0x00000007eaa7d5c8,0x00000007eaa80000)
 PSPermGen       total 66560K, used 63123K [0x00000007aff80000, 0x00000007b4080000, 0x00000007bff80000)
  object space 66560K, 94% used [0x00000007aff80000,0x00000007b3d24cb0,0x00000007b4080000)

Card table byte_map: [0x000000010aea5000,0x000000010b126000] byte_map_base: 0x0000000107125400

Polling page: 0x00000001019f0000

Code Cache  [0x0000000102ca5000, 0x0000000104485000, 0x000000010aca5000)
 total_blobs=7139 nmethods=6766 adapters=329 free_code_cache=106943Kb largest_free_block=109228096

Compilation events (10 events):
Event: 271.027 Thread 0x00007fb96a042800 8653             scala.tools.nsc.backend.jvm.GenASM$JPlainBuilder::sizeOf (13 bytes)
Event: 276.748 Thread 0x00007fb96a042800 nmethod 8653 0x00000001043b4d90 code [0x00000001043b4ee0, 0x00000001043b4fb8]
Event: 276.748 Thread 0x00007fb96a041000 nmethod 8652 0x00000001043b09d0 code [0x00000001043b0d00, 0x00000001043b1bf0]
Event: 276.765 Thread 0x00007fb96a042800 8654             java.util.TimSort::mergeLo (655 bytes)
Event: 276.819 Thread 0x00007fb96a042800 nmethod 8654 0x000000010441c490 code [0x000000010441c680, 0x000000010441deb8]
Event: 277.170 Thread 0x00007fb96a041000 8655             scala.tools.nsc.backend.jvm.GenASM$JPlainBuilder::genMethod (1196 bytes)
Event: 277.251 Thread 0x00007fb96a042800 8656             scala.tools.nsc.transform.Erasure$$anonfun$javaSig$1::scala$tools$nsc$transform$Erasure$$anonfun$$jsig$default$3$1 (2 bytes)
Event: 277.252 Thread 0x00007fb96a042800 nmethod 8656 0x0000000104220610 code [0x0000000104220740, 0x0000000104220798]
Event: 277.253 Thread 0x00007fb96a042800 8657             scala.tools.nsc.backend.jvm.GenASM$JPlainBuilder$$anonfun$genJumpInstr$1$4::<init> (10 bytes)
Event: 277.253 Thread 0x00007fb96a042800 nmethod 8657 0x00000001035cb3d0 code [0x00000001035cb500, 0x00000001035cb578]

GC Heap History (10 events):
Event: 255.409 GC heap after
Heap after GC invocations=94 (full 20):
 PSYoungGen      total 225792K, used 100504K [0x00000007eaa80000, 0x0000000800000000, 0x0000000800000000)
  eden space 168448K, 59% used [0x00000007eaa80000,0x00000007f0ca6238,0x00000007f4f00000)
  from space 57344K, 0% used [0x00000007fc800000,0x00000007fc800000,0x0000000800000000)
  to   space 90624K, 0% used [0x00000007f4f00000,0x00000007f4f00000,0x00000007fa780000)
 ParOldGen       total 699392K, used 699235K [0x00000007bff80000, 0x00000007eaa80000, 0x00000007eaa80000)
  object space 699392K, 99% used [0x00000007bff80000,0x00000007eaa58e08,0x00000007eaa80000)
 PSPermGen       total 69632K, used 63191K [0x00000007aff80000, 0x00000007b4380000, 0x00000007bff80000)
  object space 69632K, 90% used [0x00000007aff80000,0x00000007b3d35fb0,0x00000007b4380000)
}
Event: 255.789 GC heap before
{Heap before GC invocations=95 (full 21):
 PSYoungGen      total 225792K, used 168448K [0x00000007eaa80000, 0x0000000800000000, 0x0000000800000000)
  eden space 168448K, 100% used [0x00000007eaa80000,0x00000007f4f00000,0x00000007f4f00000)
  from space 57344K, 0% used [0x00000007fc800000,0x00000007fc800000,0x0000000800000000)
  to   space 90624K, 0% used [0x00000007f4f00000,0x00000007f4f00000,0x00000007fa780000)
 ParOldGen       total 699392K, used 699235K [0x00000007bff80000, 0x00000007eaa80000, 0x00000007eaa80000)
  object space 699392K, 99% used [0x00000007bff80000,0x00000007eaa58e08,0x00000007eaa80000)
 PSPermGen       total 69632K, used 63201K [0x00000007aff80000, 0x00000007b4380000, 0x00000007bff80000)
  object space 69632K, 90% used [0x00000007aff80000,0x00000007b3d384c8,0x00000007b4380000)
Event: 262.489 GC heap after
Heap after GC invocations=95 (full 21):
 PSYoungGen      total 225792K, used 100857K [0x00000007eaa80000, 0x0000000800000000, 0x0000000800000000)
  eden space 168448K, 59% used [0x00000007eaa80000,0x00000007f0cfe488,0x00000007f4f00000)
  from space 57344K, 0% used [0x00000007fc800000,0x00000007fc800000,0x0000000800000000)
  to   space 90624K, 0% used [0x00000007f4f00000,0x00000007f4f00000,0x00000007fa780000)
 ParOldGen       total 699392K, used 698936K [0x00000007bff80000, 0x00000007eaa80000, 0x00000007eaa80000)
  object space 699392K, 99% used [0x00000007bff80000,0x00000007eaa0e008,0x00000007eaa80000)
 PSPermGen       total 68608K, used 63199K [0x00000007aff80000, 0x00000007b4280000, 0x00000007bff80000)
  object space 68608K, 92% used [0x00000007aff80000,0x00000007b3d37d18,0x00000007b4280000)
}
Event: 262.829 GC heap before
{Heap before GC invocations=96 (full 22):
 PSYoungGen      total 225792K, used 168448K [0x00000007eaa80000, 0x0000000800000000, 0x0000000800000000)
  eden space 168448K, 100% used [0x00000007eaa80000,0x00000007f4f00000,0x00000007f4f00000)
  from space 57344K, 0% used [0x00000007fc800000,0x00000007fc800000,0x0000000800000000)
  to   space 90624K, 0% used [0x00000007f4f00000,0x00000007f4f00000,0x00000007fa780000)
 ParOldGen       total 699392K, used 698936K [0x00000007bff80000, 0x00000007eaa80000, 0x00000007eaa80000)
  object space 699392K, 99% used [0x00000007bff80000,0x00000007eaa0e008,0x00000007eaa80000)
 PSPermGen       total 68608K, used 63205K [0x00000007aff80000, 0x00000007b4280000, 0x00000007bff80000)
  object space 68608K, 92% used [0x00000007aff80000,0x00000007b3d39560,0x00000007b4280000)
Event: 266.721 GC heap after
Heap after GC invocations=96 (full 22):
 PSYoungGen      total 225792K, used 100778K [0x00000007eaa80000, 0x0000000800000000, 0x0000000800000000)
  eden space 168448K, 59% used [0x00000007eaa80000,0x00000007f0ceaba0,0x00000007f4f00000)
  from space 57344K, 0% used [0x00000007fc800000,0x00000007fc800000,0x0000000800000000)
  to   space 90624K, 0% used [0x00000007f4f00000,0x00000007f4f00000,0x00000007fa780000)
 ParOldGen       total 699392K, used 699294K [0x00000007bff80000, 0x00000007eaa80000, 0x00000007eaa80000)
  object space 699392K, 99% used [0x00000007bff80000,0x00000007eaa67950,0x00000007eaa80000)
 PSPermGen       total 67584K, used 63205K [0x00000007aff80000, 0x00000007b4180000, 0x00000007bff80000)
  object space 67584K, 93% used [0x00000007aff80000,0x00000007b3d39520,0x00000007b4180000)
}
Event: 267.188 GC heap before
{Heap before GC invocations=97 (full 23):
 PSYoungGen      total 225792K, used 168448K [0x00000007eaa80000, 0x0000000800000000, 0x0000000800000000)
  eden space 168448K, 100% used [0x00000007eaa80000,0x00000007f4f00000,0x00000007f4f00000)
  from space 57344K, 0% used [0x00000007fc800000,0x00000007fc800000,0x0000000800000000)
  to   space 90624K, 0% used [0x00000007f4f00000,0x00000007f4f00000,0x00000007fa780000)
 ParOldGen       total 699392K, used 699294K [0x00000007bff80000, 0x00000007eaa80000, 0x00000007eaa80000)
  object space 699392K, 99% used [0x00000007bff80000,0x00000007eaa67950,0x00000007eaa80000)
 PSPermGen       total 67584K, used 63207K [0x00000007aff80000, 0x00000007b4180000, 0x00000007bff80000)
  object space 67584K, 93% used [0x00000007aff80000,0x00000007b3d39dd8,0x00000007b4180000)
Event: 270.204 GC heap after
Heap after GC invocations=97 (full 23):
 PSYoungGen      total 225792K, used 101426K [0x00000007eaa80000, 0x0000000800000000, 0x0000000800000000)
  eden space 168448K, 60% used [0x00000007eaa80000,0x00000007f0d8c968,0x00000007f4f00000)
  from space 57344K, 0% used [0x00000007fc800000,0x00000007fc800000,0x0000000800000000)
  to   space 90624K, 0% used [0x00000007f4f00000,0x00000007f4f00000,0x00000007fa780000)
 ParOldGen       total 699392K, used 699134K [0x00000007bff80000, 0x00000007eaa80000, 0x00000007eaa80000)
  object space 699392K, 99% used [0x00000007bff80000,0x00000007eaa3fa78,0x00000007eaa80000)
 PSPermGen       total 67072K, used 63207K [0x00000007aff80000, 0x00000007b4100000, 0x00000007bff80000)
  object space 67072K, 94% used [0x00000007aff80000,0x00000007b3d39db8,0x00000007b4100000)
}
Event: 271.028 GC heap before
{Heap before GC invocations=98 (full 24):
 PSYoungGen      total 225792K, used 168448K [0x00000007eaa80000, 0x0000000800000000, 0x0000000800000000)
  eden space 168448K, 100% used [0x00000007eaa80000,0x00000007f4f00000,0x00000007f4f00000)
  from space 57344K, 0% used [0x00000007fc800000,0x00000007fc800000,0x0000000800000000)
  to   space 90624K, 0% used [0x00000007f4f00000,0x00000007f4f00000,0x00000007fa780000)
 ParOldGen       total 699392K, used 699134K [0x00000007bff80000, 0x00000007eaa80000, 0x00000007eaa80000)
  object space 699392K, 99% used [0x00000007bff80000,0x00000007eaa3fa78,0x00000007eaa80000)
 PSPermGen       total 67072K, used 63216K [0x00000007aff80000, 0x00000007b4100000, 0x00000007bff80000)
  object space 67072K, 94% used [0x00000007aff80000,0x00000007b3d3c3c0,0x00000007b4100000)
Event: 276.746 GC heap after
Heap after GC invocations=98 (full 24):
 PSYoungGen      total 225792K, used 101267K [0x00000007eaa80000, 0x0000000800000000, 0x0000000800000000)
  eden space 168448K, 60% used [0x00000007eaa80000,0x00000007f0d64c50,0x00000007f4f00000)
  from space 57344K, 0% used [0x00000007fc800000,0x00000007fc800000,0x0000000800000000)
  to   space 90624K, 0% used [0x00000007f4f00000,0x00000007f4f00000,0x00000007fa780000)
 ParOldGen       total 699392K, used 699381K [0x00000007bff80000, 0x00000007eaa80000, 0x00000007eaa80000)
  object space 699392K, 99% used [0x00000007bff80000,0x00000007eaa7d5c8,0x00000007eaa80000)
 PSPermGen       total 66560K, used 63117K [0x00000007aff80000, 0x00000007b4080000, 0x00000007bff80000)
  object space 66560K, 94% used [0x00000007aff80000,0x00000007b3d23668,0x00000007b4080000)
}
Event: 277.285 GC heap before
{Heap before GC invocations=99 (full 25):
 PSYoungGen      total 225792K, used 168448K [0x00000007eaa80000, 0x0000000800000000, 0x0000000800000000)
  eden space 168448K, 100% used [0x00000007eaa80000,0x00000007f4f00000,0x00000007f4f00000)
  from space 57344K, 0% used [0x00000007fc800000,0x00000007fc800000,0x0000000800000000)
  to   space 90624K, 0% used [0x00000007f4f00000,0x00000007f4f00000,0x00000007fa780000)
 ParOldGen       total 699392K, used 699381K [0x00000007bff80000, 0x00000007eaa80000, 0x00000007eaa80000)
  object space 699392K, 99% used [0x00000007bff80000,0x00000007eaa7d5c8,0x00000007eaa80000)
 PSPermGen       total 66560K, used 63123K [0x00000007aff80000, 0x00000007b4080000, 0x00000007bff80000)
  object space 66560K, 94% used [0x00000007aff80000,0x00000007b3d24cb0,0x00000007b4080000)

Deoptimization events (10 events):
Event: 270.412 Thread 0x00007fb96920e000 Uncommon trap: reason=bimorphic action=maybe_recompile pc=0x0000000104350e88 method=scala.tools.nsc.backend.jvm.GenASM.javaFlags(Lscala/reflect/internal/Symbols$Symbol;)I @ 53
Event: 270.420 Thread 0x00007fb96920e000 Uncommon trap: reason=class_check action=maybe_recompile pc=0x0000000103236c00 method=scala.reflect.internal.Symbols$Symbol$$anonfun$companionClass$1.apply(Ljava/lang/Object;)Ljava/lang/Object; @ 2
Event: 270.717 Thread 0x00007fb96920e000 Uncommon trap: reason=class_check action=maybe_recompile pc=0x00000001043c7e20 method=scala.tools.nsc.backend.jvm.GenASM$JPlainBuilder.genMethod(Lscala/tools/nsc/backend/icode/Members$IMethod;Z)V @ 415
Event: 270.717 Thread 0x00007fb96920e000 Uncommon trap: reason=class_check action=maybe_recompile pc=0x00000001043c7e20 method=scala.tools.nsc.backend.jvm.GenASM$JPlainBuilder.genMethod(Lscala/tools/nsc/backend/icode/Members$IMethod;Z)V @ 415
Event: 270.717 Thread 0x00007fb96920e000 Uncommon trap: reason=class_check action=maybe_recompile pc=0x00000001043c7e20 method=scala.tools.nsc.backend.jvm.GenASM$JPlainBuilder.genMethod(Lscala/tools/nsc/backend/icode/Members$IMethod;Z)V @ 415
Event: 270.718 Thread 0x00007fb96920e000 Uncommon trap: reason=class_check action=maybe_recompile pc=0x00000001043c7e20 method=scala.tools.nsc.backend.jvm.GenASM$JPlainBuilder.genMethod(Lscala/tools/nsc/backend/icode/Members$IMethod;Z)V @ 415
Event: 270.724 Thread 0x00007fb96920e000 Uncommon trap: reason=unreached action=reinterpret pc=0x000000010442d4d4 method=scala.tools.nsc.backend.jvm.GenASM$JPlainBuilder.genJumpInstr$1(Lscala/tools/nsc/backend/icode/Members$IMethod;Lscala/collection/Map;Lscala/runtime/ObjectRef;Lscala/tools/nsc/
Event: 270.746 Thread 0x00007fb96920e000 Uncommon trap: reason=class_check action=maybe_recompile pc=0x000000010432dd60 method=scala.tools.nsc.transform.Erasure$NeedsSigCollector$.traverse(Lscala/reflect/internal/Types$Type;)V @ 306
Event: 270.984 Thread 0x00007fb96920e000 Uncommon trap: reason=class_check action=maybe_recompile pc=0x00000001043860b4 method=scala.tools.nsc.backend.jvm.GenASM$JPlainBuilder.genClass(Lscala/tools/nsc/backend/icode/Members$IClass;)V @ 36
Event: 276.952 Thread 0x00007fb96920e000 Uncommon trap: reason=unreached action=reinterpret pc=0x000000010445ef5c method=scala.tools.nsc.transform.Erasure$$anonfun$javaSig$1.scala$tools$nsc$transform$Erasure$$anonfun$$jsig$1(Lscala/reflect/internal/Types$Type;Lscala/collection/immutable/List;ZZZ

Internal exceptions (10 events):
Event: 108.360 Thread 0x00007fb96920e000 Threw 0x00000007f991f080 at /HUDSON/workspace/7u-2-build-macosx-x86_64/jdk7u60/1081/hotspot/src/share/vm/prims/jvm.cpp:1244
Event: 108.360 Thread 0x00007fb96920e000 Threw 0x00000007f9920668 at /HUDSON/workspace/7u-2-build-macosx-x86_64/jdk7u60/1081/hotspot/src/share/vm/prims/jvm.cpp:1244
Event: 108.658 Thread 0x00007fb96920e000 Threw 0x00000007ef179cc8 at /HUDSON/workspace/7u-2-build-macosx-x86_64/jdk7u60/1081/hotspot/src/share/vm/prims/jvm.cpp:1244
Event: 108.658 Thread 0x00007fb96920e000 Threw 0x00000007ef17a738 at /HUDSON/workspace/7u-2-build-macosx-x86_64/jdk7u60/1081/hotspot/src/share/vm/prims/jvm.cpp:1244
Event: 108.658 Thread 0x00007fb96920e000 Threw 0x00000007ef17b850 at /HUDSON/workspace/7u-2-build-macosx-x86_64/jdk7u60/1081/hotspot/src/share/vm/prims/jvm.cpp:1244
Event: 131.025 Thread 0x00007fb96920e000 Threw 0x00000007f0228200 at /HUDSON/workspace/7u-2-build-macosx-x86_64/jdk7u60/1081/hotspot/src/share/vm/prims/jvm.cpp:1244
Event: 131.025 Thread 0x00007fb96920e000 Threw 0x00000007f0228a68 at /HUDSON/workspace/7u-2-build-macosx-x86_64/jdk7u60/1081/hotspot/src/share/vm/prims/jvm.cpp:1244
Event: 131.025 Thread 0x00007fb96920e000 Threw 0x00000007f0229878 at /HUDSON/workspace/7u-2-build-macosx-x86_64/jdk7u60/1081/hotspot/src/share/vm/prims/jvm.cpp:1244
Event: 134.714 Thread 0x00007fb96920e000 Implicit null exception at 0x0000000103b2964c to 0x0000000103b2e085
Event: 262.497 Thread 0x00007fb96920e000 Implicit null exception at 0x000000010430b54c to 0x000000010430cc81

Events (10 events):
Event: 270.746 Thread 0x00007fb96920e000 DEOPT UNPACKING pc=0x0000000102cde045 sp=0x000000010f883208 mode 2
Event: 270.971 Thread 0x00007fb96920e000 Uncommon trap: trap_request=0xffffffde fr.pc=0x00000001043860b4
Event: 271.003 Thread 0x00007fb96920e000 DEOPT PACKING pc=0x00000001043860b4 sp=0x000000010f883780
Event: 271.003 Thread 0x00007fb96920e000 DEOPT UNPACKING pc=0x0000000102cde045 sp=0x000000010f8836c0 mode 2
Event: 271.011 Executing VM operation: ParallelGCFailedAllocation
Event: 276.746 Executing VM operation: ParallelGCFailedAllocation done
Event: 276.952 Thread 0x00007fb96920e000 Uncommon trap: trap_request=0xffffffad fr.pc=0x000000010445ef5c
Event: 276.952 Thread 0x00007fb96920e000 DEOPT PACKING pc=0x000000010445ef5c sp=0x000000010f883110
Event: 276.952 Thread 0x00007fb96920e000 DEOPT UNPACKING pc=0x0000000102cde045 sp=0x000000010f883040 mode 2
Event: 277.285 Executing VM operation: ParallelGCFailedAllocation


Dynamic libraries:
0x0000000001cd0000 	/System/Library/Frameworks/Cocoa.framework/Versions/A/Cocoa
0x0000000001cd0000 	/System/Library/Frameworks/Security.framework/Versions/A/Security
0x0000000001cd0000 	/System/Library/Frameworks/ApplicationServices.framework/Versions/A/ApplicationServices
0x0000000001cd0000 	/usr/lib/libz.1.dylib
0x0000000001cd0000 	/usr/lib/libSystem.B.dylib
0x0000000001cd0000 	/usr/lib/libobjc.A.dylib
0x0000000001cd0000 	/System/Library/Frameworks/CoreFoundation.framework/Versions/A/CoreFoundation
0x0000000001cd0000 	/System/Library/Frameworks/Foundation.framework/Versions/C/Foundation
0x0000000001cd0000 	/System/Library/Frameworks/AppKit.framework/Versions/C/AppKit
0x0000000001cd0000 	/System/Library/Frameworks/CoreData.framework/Versions/A/CoreData
0x0000000001cd0000 	/System/Library/PrivateFrameworks/RemoteViewServices.framework/Versions/A/RemoteViewServices
0x0000000001cd0000 	/System/Library/Frameworks/AudioToolbox.framework/Versions/A/AudioToolbox
0x0000000001cd0000 	/System/Library/Frameworks/AudioUnit.framework/Versions/A/AudioUnit
0x0000000001cd0000 	/System/Library/PrivateFrameworks/DataDetectorsCore.framework/Versions/A/DataDetectorsCore
0x0000000001cd0000 	/System/Library/PrivateFrameworks/DesktopServicesPriv.framework/Versions/A/DesktopServicesPriv
0x0000000001cd0000 	/System/Library/Frameworks/Carbon.framework/Versions/A/Frameworks/HIToolbox.framework/Versions/A/HIToolbox
0x0000000001cd0000 	/System/Library/Frameworks/QuartzCore.framework/Versions/A/QuartzCore
0x0000000001cd0000 	/System/Library/Frameworks/Carbon.framework/Versions/A/Frameworks/SpeechRecognition.framework/Versions/A/SpeechRecognition
0x0000000001cd0000 	/usr/lib/libauto.dylib
0x0000000001cd0000 	/usr/lib/libicucore.A.dylib
0x0000000001cd0000 	/usr/lib/libxml2.2.dylib
0x0000000001cd0000 	/System/Library/PrivateFrameworks/CoreUI.framework/Versions/A/CoreUI
0x0000000001cd0000 	/System/Library/Frameworks/CoreAudio.framework/Versions/A/CoreAudio
0x0000000001cd0000 	/System/Library/Frameworks/DiskArbitration.framework/Versions/A/DiskArbitration
0x0000000001cd0000 	/usr/lib/liblangid.dylib
0x0000000001cd0000 	/System/Library/PrivateFrameworks/MultitouchSupport.framework/Versions/A/MultitouchSupport
0x0000000001cd0000 	/System/Library/Frameworks/IOKit.framework/Versions/A/IOKit
0x0000000001cd0000 	/usr/lib/libDiagnosticMessagesClient.dylib
0x0000000001cd0000 	/System/Library/Frameworks/CoreServices.framework/Versions/A/CoreServices
0x0000000001cd0000 	/System/Library/PrivateFrameworks/PerformanceAnalysis.framework/Versions/A/PerformanceAnalysis
0x0000000001cd0000 	/System/Library/PrivateFrameworks/GenerationalStorage.framework/Versions/A/GenerationalStorage
0x0000000001cd0000 	/System/Library/Frameworks/OpenGL.framework/Versions/A/OpenGL
0x0000000001cd0000 	/System/Library/PrivateFrameworks/Sharing.framework/Versions/A/Sharing
0x0000000001cd0000 	/System/Library/Frameworks/ImageIO.framework/Versions/A/ImageIO
0x0000000001cd0000 	/System/Library/Frameworks/CoreText.framework/Versions/A/CoreText
0x0000000001cd0000 	/System/Library/Frameworks/CoreGraphics.framework/Versions/A/CoreGraphics
0x0000000001cd0000 	/System/Library/PrivateFrameworks/Backup.framework/Versions/A/Backup
0x0000000001cd0000 	/System/Library/Frameworks/CFNetwork.framework/Versions/A/CFNetwork
0x0000000001cd0000 	/System/Library/Frameworks/SystemConfiguration.framework/Versions/A/SystemConfiguration
0x0000000001cd0000 	/usr/lib/libCRFSuite.dylib
0x0000000001cd0000 	/usr/lib/libc++.1.dylib
0x0000000001cd0000 	/usr/lib/libc++abi.dylib
0x0000000001cd0000 	/usr/lib/system/libcache.dylib
0x0000000001cd0000 	/usr/lib/system/libcommonCrypto.dylib
0x0000000001cd0000 	/usr/lib/system/libcompiler_rt.dylib
0x0000000001cd0000 	/usr/lib/system/libcopyfile.dylib
0x0000000001cd0000 	/usr/lib/system/libcorecrypto.dylib
0x0000000001cd0000 	/usr/lib/system/libdispatch.dylib
0x0000000001cd0000 	/usr/lib/system/libdyld.dylib
0x0000000001cd0000 	/usr/lib/system/libkeymgr.dylib
0x0000000001cd0000 	/usr/lib/system/liblaunch.dylib
0x0000000001cd0000 	/usr/lib/system/libmacho.dylib
0x0000000001cd0000 	/usr/lib/system/libquarantine.dylib
0x0000000001cd0000 	/usr/lib/system/libremovefile.dylib
0x0000000001cd0000 	/usr/lib/system/libsystem_asl.dylib
0x0000000001cd0000 	/usr/lib/system/libsystem_blocks.dylib
0x0000000001cd0000 	/usr/lib/system/libsystem_c.dylib
0x0000000001cd0000 	/usr/lib/system/libsystem_configuration.dylib
0x0000000001cd0000 	/usr/lib/system/libsystem_dnssd.dylib
0x0000000001cd0000 	/usr/lib/system/libsystem_info.dylib
0x0000000001cd0000 	/usr/lib/system/libsystem_kernel.dylib
0x0000000001cd0000 	/usr/lib/system/libsystem_m.dylib
0x0000000001cd0000 	/usr/lib/system/libsystem_malloc.dylib
0x0000000001cd0000 	/usr/lib/system/libsystem_network.dylib
0x0000000001cd0000 	/usr/lib/system/libsystem_notify.dylib
0x0000000001cd0000 	/usr/lib/system/libsystem_platform.dylib
0x0000000001cd0000 	/usr/lib/system/libsystem_pthread.dylib
0x0000000001cd0000 	/usr/lib/system/libsystem_sandbox.dylib
0x0000000001cd0000 	/usr/lib/system/libsystem_stats.dylib
0x0000000001cd0000 	/usr/lib/system/libunc.dylib
0x0000000001cd0000 	/usr/lib/system/libunwind.dylib
0x0000000001cd0000 	/usr/lib/system/libxpc.dylib
0x0000000001cd0000 	/usr/lib/libbsm.0.dylib
0x0000000001cd0000 	/usr/lib/libsqlite3.dylib
0x0000000001cd0000 	/usr/lib/libxar.1.dylib
0x0000000001cd0000 	/usr/lib/libpam.2.dylib
0x0000000001cd0000 	/usr/lib/libOpenScriptingUtil.dylib
0x0000000001cd0000 	/usr/lib/libbz2.1.0.dylib
0x0000000001cd0000 	/System/Library/Frameworks/CoreServices.framework/Versions/A/Frameworks/CarbonCore.framework/Versions/A/CarbonCore
0x0000000001cd0000 	/System/Library/Frameworks/CoreServices.framework/Versions/A/Frameworks/Metadata.framework/Versions/A/Metadata
0x0000000001cd0000 	/System/Library/Frameworks/CoreServices.framework/Versions/A/Frameworks/OSServices.framework/Versions/A/OSServices
0x0000000001cd0000 	/System/Library/Frameworks/CoreServices.framework/Versions/A/Frameworks/SearchKit.framework/Versions/A/SearchKit
0x0000000001cd0000 	/System/Library/Frameworks/CoreServices.framework/Versions/A/Frameworks/AE.framework/Versions/A/AE
0x0000000001cd0000 	/System/Library/Frameworks/CoreServices.framework/Versions/A/Frameworks/LaunchServices.framework/Versions/A/LaunchServices
0x0000000001cd0000 	/System/Library/Frameworks/CoreServices.framework/Versions/A/Frameworks/DictionaryServices.framework/Versions/A/DictionaryServices
0x0000000001cd0000 	/System/Library/Frameworks/NetFS.framework/Versions/A/NetFS
0x0000000001cd0000 	/usr/lib/system/libkxld.dylib
0x0000000001cd0000 	/System/Library/PrivateFrameworks/NetAuth.framework/Versions/A/NetAuth
0x0000000001cd0000 	/System/Library/PrivateFrameworks/TCC.framework/Versions/A/TCC
0x0000000001cd0000 	/System/Library/Frameworks/OpenDirectory.framework/Versions/A/Frameworks/CFOpenDirectory.framework/Versions/A/CFOpenDirectory
0x0000000001cd0000 	/System/Library/Frameworks/ServiceManagement.framework/Versions/A/ServiceManagement
0x0000000001cd0000 	/usr/lib/libxslt.1.dylib
0x0000000001cd0000 	/System/Library/Frameworks/Carbon.framework/Versions/A/Frameworks/Ink.framework/Versions/A/Ink
0x0000000001cd0000 	/System/Library/Frameworks/ApplicationServices.framework/Versions/A/Frameworks/ATS.framework/Versions/A/ATS
0x0000000001cd0000 	/System/Library/Frameworks/ApplicationServices.framework/Versions/A/Frameworks/ColorSync.framework/Versions/A/ColorSync
0x0000000001cd0000 	/System/Library/Frameworks/ApplicationServices.framework/Versions/A/Frameworks/HIServices.framework/Versions/A/HIServices
0x0000000001cd0000 	/System/Library/Frameworks/ApplicationServices.framework/Versions/A/Frameworks/LangAnalysis.framework/Versions/A/LangAnalysis
0x0000000001cd0000 	/System/Library/Frameworks/ApplicationServices.framework/Versions/A/Frameworks/PrintCore.framework/Versions/A/PrintCore
0x0000000001cd0000 	/System/Library/Frameworks/ApplicationServices.framework/Versions/A/Frameworks/QD.framework/Versions/A/QD
0x0000000001cd0000 	/System/Library/Frameworks/ApplicationServices.framework/Versions/A/Frameworks/SpeechSynthesis.framework/Versions/A/SpeechSynthesis
0x0000000001cd0000 	/System/Library/Frameworks/IOSurface.framework/Versions/A/IOSurface
0x0000000001cd0000 	/System/Library/Frameworks/Accelerate.framework/Versions/A/Accelerate
0x0000000001cd0000 	/System/Library/Frameworks/Accelerate.framework/Versions/A/Frameworks/vImage.framework/Versions/A/vImage
0x0000000001cd0000 	/System/Library/Frameworks/Accelerate.framework/Versions/A/Frameworks/vecLib.framework/Versions/A/vecLib
0x0000000001cd0000 	/System/Library/Frameworks/Accelerate.framework/Versions/A/Frameworks/vecLib.framework/Versions/A/libvDSP.dylib
0x0000000001cd0000 	/System/Library/Frameworks/Accelerate.framework/Versions/A/Frameworks/vecLib.framework/Versions/A/libvMisc.dylib
0x0000000001cd0000 	/System/Library/Frameworks/Accelerate.framework/Versions/A/Frameworks/vecLib.framework/Versions/A/libLAPACK.dylib
0x0000000001cd0000 	/System/Library/Frameworks/Accelerate.framework/Versions/A/Frameworks/vecLib.framework/Versions/A/libBLAS.dylib
0x0000000001cd0000 	/System/Library/Frameworks/ApplicationServices.framework/Versions/A/Frameworks/ATS.framework/Versions/A/Resources/libFontParser.dylib
0x0000000001cd0000 	/System/Library/Frameworks/ApplicationServices.framework/Versions/A/Frameworks/ATS.framework/Versions/A/Resources/libFontRegistry.dylib
0x0000000001cd0000 	/System/Library/Frameworks/ImageIO.framework/Versions/A/Resources/libJPEG.dylib
0x0000000001cd0000 	/System/Library/Frameworks/ImageIO.framework/Versions/A/Resources/libTIFF.dylib
0x0000000001cd0000 	/System/Library/Frameworks/ImageIO.framework/Versions/A/Resources/libPng.dylib
0x0000000001cd0000 	/System/Library/Frameworks/ImageIO.framework/Versions/A/Resources/libGIF.dylib
0x0000000001cd0000 	/System/Library/Frameworks/ImageIO.framework/Versions/A/Resources/libJP2.dylib
0x0000000001cd0000 	/System/Library/Frameworks/ImageIO.framework/Versions/A/Resources/libRadiance.dylib
0x0000000001cd0000 	/usr/lib/libcups.2.dylib
0x0000000001cd0000 	/System/Library/Frameworks/Kerberos.framework/Versions/A/Kerberos
0x0000000001cd0000 	/System/Library/Frameworks/GSS.framework/Versions/A/GSS
0x0000000001cd0000 	/usr/lib/libresolv.9.dylib
0x0000000001cd0000 	/usr/lib/libiconv.2.dylib
0x0000000001cd0000 	/System/Library/PrivateFrameworks/Heimdal.framework/Versions/A/Heimdal
0x0000000001cd0000 	/System/Library/PrivateFrameworks/TrustEvaluationAgent.framework/Versions/A/TrustEvaluationAgent
0x0000000001cd0000 	/usr/lib/libheimdal-asn1.dylib
0x0000000001cd0000 	/System/Library/Frameworks/OpenDirectory.framework/Versions/A/OpenDirectory
0x0000000001cd0000 	/System/Library/PrivateFrameworks/CommonAuth.framework/Versions/A/CommonAuth
0x0000000001cd0000 	/System/Library/Frameworks/SecurityFoundation.framework/Versions/A/SecurityFoundation
0x0000000001cd0000 	/System/Library/PrivateFrameworks/Bom.framework/Versions/A/Bom
0x0000000001cd0000 	/System/Library/Frameworks/CoreVideo.framework/Versions/A/CoreVideo
0x0000000001cd0000 	/System/Library/Frameworks/QuartzCore.framework/Versions/A/Frameworks/CoreImage.framework/Versions/A/CoreImage
0x0000000001cd0000 	/System/Library/Frameworks/QuartzCore.framework/Versions/A/Frameworks/ScalableUserInterface.framework/Versions/A/ScalableUserInterface
0x0000000001cd0000 	/System/Library/Frameworks/OpenGL.framework/Versions/A/Libraries/libGLU.dylib
0x0000000001cd0000 	/System/Library/Frameworks/OpenGL.framework/Versions/A/Libraries/libGFXShared.dylib
0x0000000001cd0000 	/System/Library/Frameworks/OpenGL.framework/Versions/A/Libraries/libGL.dylib
0x0000000001cd0000 	/System/Library/Frameworks/OpenGL.framework/Versions/A/Libraries/libGLImage.dylib
0x0000000001cd0000 	/System/Library/Frameworks/OpenGL.framework/Versions/A/Libraries/libCVMSPluginSupport.dylib
0x0000000001cd0000 	/System/Library/Frameworks/OpenGL.framework/Versions/A/Libraries/libCoreVMClient.dylib
0x0000000001cd0000 	/System/Library/PrivateFrameworks/FaceCore.framework/Versions/A/FaceCore
0x0000000001cd0000 	/System/Library/PrivateFrameworks/CrashReporterSupport.framework/Versions/A/CrashReporterSupport
0x0000000001cd0000 	/System/Library/Frameworks/OpenCL.framework/Versions/A/OpenCL
0x0000000001cd0000 	/System/Library/PrivateFrameworks/AppleFSCompression.framework/Versions/A/AppleFSCompression
0x0000000001cd0000 	/System/Library/PrivateFrameworks/Ubiquity.framework/Versions/A/Ubiquity
0x0000000001cd0000 	/System/Library/PrivateFrameworks/IconServices.framework/Versions/A/IconServices
0x0000000001cd0000 	/System/Library/PrivateFrameworks/ChunkingLibrary.framework/Versions/A/ChunkingLibrary
0x0000000001cd0000 	/System/Library/PrivateFrameworks/CoreSymbolication.framework/Versions/A/CoreSymbolication
0x0000000001cd0000 	/System/Library/PrivateFrameworks/Symbolication.framework/Versions/A/Symbolication
0x0000000001cd0000 	/System/Library/PrivateFrameworks/DebugSymbols.framework/Versions/A/DebugSymbols
0x0000000102200000 	/Library/Java/JavaVirtualMachines/jdk1.7.0_60.jdk/Contents/Home/jre/lib/server/libjvm.dylib
0x0000000001cd0000 	/usr/lib/libstdc++.6.dylib
0x00000001019b3000 	/Library/Java/JavaVirtualMachines/jdk1.7.0_60.jdk/Contents/Home/jre/lib/libverify.dylib
0x00000001019c0000 	/Library/Java/JavaVirtualMachines/jdk1.7.0_60.jdk/Contents/Home/jre/lib/libjava.dylib
0x0000000102c5f000 	/Library/Java/JavaVirtualMachines/jdk1.7.0_60.jdk/Contents/Home/jre/lib/libjdwp.dylib
0x00000001019f1000 	/Library/Java/JavaVirtualMachines/jdk1.7.0_60.jdk/Contents/Home/jre/lib/libnpt.dylib
0x0000000102c9c000 	/Library/Java/JavaVirtualMachines/jdk1.7.0_60.jdk/Contents/Home/jre/lib/libzip.dylib
0x000000010f73f000 	/System/Library/Frameworks/JavaVM.framework/Frameworks/JavaRuntimeSupport.framework/JavaRuntimeSupport
0x000000010f757000 	/System/Library/Frameworks/JavaVM.framework/Versions/A/Frameworks/JavaNativeFoundation.framework/Versions/A/JavaNativeFoundation
0x000000010f76c000 	/System/Library/Frameworks/JavaVM.framework/Versions/A/JavaVM
0x0000000001cd0000 	/System/Library/Frameworks/Carbon.framework/Versions/A/Carbon
0x000000010f779000 	/System/Library/PrivateFrameworks/JavaLaunching.framework/Versions/A/JavaLaunching
0x0000000001cd0000 	/System/Library/Frameworks/Carbon.framework/Versions/A/Frameworks/CommonPanels.framework/Versions/A/CommonPanels
0x0000000001cd0000 	/System/Library/Frameworks/Carbon.framework/Versions/A/Frameworks/Help.framework/Versions/A/Help
0x0000000001cd0000 	/System/Library/Frameworks/Carbon.framework/Versions/A/Frameworks/ImageCapture.framework/Versions/A/ImageCapture
0x0000000001cd0000 	/System/Library/Frameworks/Carbon.framework/Versions/A/Frameworks/OpenScripting.framework/Versions/A/OpenScripting
0x0000000001cd0000 	/System/Library/Frameworks/Carbon.framework/Versions/A/Frameworks/Print.framework/Versions/A/Print
0x0000000001cd0000 	/System/Library/Frameworks/Carbon.framework/Versions/A/Frameworks/SecurityHI.framework/Versions/A/SecurityHI
0x000000010f98e000 	/Library/Java/JavaVirtualMachines/jdk1.7.0_60.jdk/Contents/Home/jre/lib/libdt_socket.dylib
0x00000001100ac000 	/Library/Java/JavaVirtualMachines/jdk1.7.0_60.jdk/Contents/Home/jre/lib/libnet.dylib
0x0000000110109000 	/Library/Java/JavaVirtualMachines/jdk1.7.0_60.jdk/Contents/Home/jre/lib/libnio.dylib

VM Arguments:
jvm_args: -Xdebug -Xrunjdwp:transport=dt_socket,server=y,suspend=n,address=9999 -Dsbt.repository.config=./project/repositories -Dsbt.override.build.repos=true -Xms1024m -Xmx1024m -XX:ReservedCodeCacheSize=128m -XX:MaxPermSize=256m 
java_command: /Users/michael/Projects/gds/ier/frontend/scripts/bin/sbt/bin/sbt-launch.jar
Launcher Type: SUN_STANDARD

Environment Variables:
PATH=/Users/michael/.rbenv/shims:/usr/local/bin:/usr/bin:/bin:/usr/sbin:/sbin:/usr/local/git/bin:/usr/local/share/npm/bin
SHELL=/bin/zsh

Signal Handlers:
SIGSEGV: [libjvm.dylib+0x52b7b1], sa_mask[0]=0xfffefeff, sa_flags=0x00000043
SIGBUS: [libjvm.dylib+0x52b7b1], sa_mask[0]=0xfffefeff, sa_flags=0x00000042
SIGFPE: [libjvm.dylib+0x41e28a], sa_mask[0]=0xfffefeff, sa_flags=0x00000042
SIGPIPE: [libjvm.dylib+0x41e28a], sa_mask[0]=0xfffefeff, sa_flags=0x00000042
SIGXFSZ: [libjvm.dylib+0x41e28a], sa_mask[0]=0xfffefeff, sa_flags=0x00000042
SIGILL: [libjvm.dylib+0x41e28a], sa_mask[0]=0xfffefeff, sa_flags=0x00000042
SIGUSR1: SIG_DFL, sa_mask[0]=0x00000000, sa_flags=0x00000002
SIGUSR2: [libjvm.dylib+0x41dd7c], sa_mask[0]=0x00000000, sa_flags=0x00000042
SIGHUP: [libjvm.dylib+0x41c00b], sa_mask[0]=0xfffefeff, sa_flags=0x00000042
SIGINT: [libjvm.dylib+0x41c00b], sa_mask[0]=0xfffefeff, sa_flags=0x00000042
SIGTERM: [libjvm.dylib+0x41c00b], sa_mask[0]=0xfffefeff, sa_flags=0x00000042
SIGQUIT: [libjvm.dylib+0x41c00b], sa_mask[0]=0xfffefeff, sa_flags=0x00000042


---------------  S Y S T E M  ---------------

OS:Bsduname:Darwin 13.1.0 Darwin Kernel Version 13.1.0: Thu Jan 16 19:40:37 PST 2014; root:xnu-2422.90.20~2/RELEASE_X86_64 x86_64
rlimit: STACK 8192k, CORE 0k, NPROC 709, NOFILE 10240, AS infinity
load average:4.73 4.60 4.37

CPU:total 4 (2 cores per cpu, 2 threads per core) family 6 model 42 stepping 7, cmov, cx8, fxsr, mmx, sse, sse2, sse3, ssse3, sse4.1, sse4.2, popcnt, avx, aes, ht, tsc, tscinvbit

Memory: 4k page, physical 16777216k(4194304k free)

/proc/meminfo:


vm_info: Java HotSpot(TM) 64-Bit Server VM (24.60-b09) for bsd-amd64 JRE (1.7.0_60-b19), built on May  7 2014 12:52:25 by "java_re" with gcc 4.2.1 (Based on Apple Inc. build 5658) (LLVM build 2336.11.00)

time: Tue Jul 29 14:55:25 2014
elapsed time: 277 seconds

